# JRE version: OpenJDK Runtime Environment (8.0_202-b03) (build 1.8.0_202-release-1483-b03)
# Java VM: OpenJDK 64-Bit Server VM (25.202-b03 mixed mode windows-amd64 compressed oops)
Heap:
 PSYoungGen      total 199168K, used 49916K [0x00000000e0000000, 0x00000000f0d00000, 0x0000000100000000)
  eden space 162816K, 16% used [0x00000000e0000000,0x00000000e1a4ea90,0x00000000e9f00000)
  from space 36352K, 63% used [0x00000000e9f00000,0x00000000eb570870,0x00000000ec280000)
  to   space 37376K, 0% used [0x00000000ee880000,0x00000000ee880000,0x00000000f0d00000)
 ParOldGen       total 123904K, used 81638K [0x00000000a0000000, 0x00000000a7900000, 0x00000000e0000000)
  object space 123904K, 65% used [0x00000000a0000000,0x00000000a4fb9980,0x00000000a7900000)
 Metaspace       used 66157K, capacity 68072K, committed 68372K, reserved 1107968K
  class space    used 8465K, capacity 8971K, committed 9020K, reserved 1048576K
GC Heap History (10 events):
Event: 4166.324 GC heap before
{Heap before GC invocations=16 (full 2):
 PSYoungGen      total 147456K, used 34156K [0x00000000e0000000, 0x00000000ea280000, 0x0000000100000000)
  eden space 132608K, 14% used [0x00000000e0000000,0x00000000e12db810,0x00000000e8180000)
  from space 14848K, 99% used [0x00000000e8580000,0x00000000e93ff7f0,0x00000000e9400000)
  to   space 14848K, 0% used [0x00000000e9400000,0x00000000e9400000,0x00000000ea280000)
 ParOldGen       total 87040K, used 27574K [0x00000000a0000000, 0x00000000a5500000, 0x00000000e0000000)
  object space 87040K, 31% used [0x00000000a0000000,0x00000000a1aeda70,0x00000000a5500000)
 Metaspace       used 57136K, capacity 58952K, committed 59028K, reserved 1099776K
  class space    used 7554K, capacity 8071K, committed 8124K, reserved 1048576K
Event: 4166.334 GC heap after
Heap after GC invocations=16 (full 2):
 PSYoungGen      total 148992K, used 1248K [0x00000000e0000000, 0x00000000ec580000, 0x0000000100000000)
  eden space 134144K, 0% used [0x00000000e0000000,0x00000000e0000000,0x00000000e8300000)
  from space 14848K, 8% used [0x00000000e9400000,0x00000000e9538000,0x00000000ea280000)
  to   space 17408K, 0% used [0x00000000e8300000,0x00000000e8300000,0x00000000e9400000)
 ParOldGen       total 87040K, used 40584K [0x00000000a0000000, 0x00000000a5500000, 0x00000000e0000000)
  object space 87040K, 46% used [0x00000000a0000000,0x00000000a27a21a0,0x00000000a5500000)
 Metaspace       used 57136K, capacity 58952K, committed 59028K, reserved 1099776K
  class space    used 7554K, capacity 8071K, committed 8124K, reserved 1048576K
}
Event: 4166.334 GC heap before
{Heap before GC invocations=17 (full 3):
 PSYoungGen      total 148992K, used 1248K [0x00000000e0000000, 0x00000000ec580000, 0x0000000100000000)
  eden space 134144K, 0% used [0x00000000e0000000,0x00000000e0000000,0x00000000e8300000)
  from space 14848K, 8% used [0x00000000e9400000,0x00000000e9538000,0x00000000ea280000)
  to   space 17408K, 0% used [0x00000000e8300000,0x00000000e8300000,0x00000000e9400000)
 ParOldGen       total 87040K, used 40584K [0x00000000a0000000, 0x00000000a5500000, 0x00000000e0000000)
  object space 87040K, 46% used [0x00000000a0000000,0x00000000a27a21a0,0x00000000a5500000)
 Metaspace       used 57136K, capacity 58952K, committed 59028K, reserved 1099776K
  class space    used 7554K, capacity 8071K, committed 8124K, reserved 1048576K
Event: 4166.510 GC heap after
Heap after GC invocations=17 (full 3):
 PSYoungGen      total 148992K, used 0K [0x00000000e0000000, 0x00000000ec580000, 0x0000000100000000)
  eden space 134144K, 0% used [0x00000000e0000000,0x00000000e0000000,0x00000000e8300000)
  from space 14848K, 0% used [0x00000000e9400000,0x00000000e9400000,0x00000000ea280000)
  to   space 17408K, 0% used [0x00000000e8300000,0x00000000e8300000,0x00000000e9400000)
 ParOldGen       total 123904K, used 26006K [0x00000000a0000000, 0x00000000a7900000, 0x00000000e0000000)
  object space 123904K, 20% used [0x00000000a0000000,0x00000000a1965b38,0x00000000a7900000)
 Metaspace       used 56747K, capacity 58318K, committed 59028K, reserved 1099776K
  class space    used 7490K, capacity 7952K, committed 8124K, reserved 1048576K
}
Event: 4169.041 GC heap before
{Heap before GC invocations=18 (full 3):
 PSYoungGen      total 148992K, used 134144K [0x00000000e0000000, 0x00000000ec580000, 0x0000000100000000)
  eden space 134144K, 100% used [0x00000000e0000000,0x00000000e8300000,0x00000000e8300000)
  from space 14848K, 0% used [0x00000000e9400000,0x00000000e9400000,0x00000000ea280000)
  to   space 17408K, 0% used [0x00000000e8300000,0x00000000e8300000,0x00000000e9400000)
 ParOldGen       total 123904K, used 26006K [0x00000000a0000000, 0x00000000a7900000, 0x00000000e0000000)
  object space 123904K, 20% used [0x00000000a0000000,0x00000000a1965b38,0x00000000a7900000)
 Metaspace       used 61563K, capacity 63226K, committed 63892K, reserved 1103872K
  class space    used 8054K, capacity 8500K, committed 8636K, reserved 1048576K
Event: 4169.072 GC heap after
Heap after GC invocations=18 (full 3):
 PSYoungGen      total 151552K, used 17392K [0x00000000e0000000, 0x00000000ed880000, 0x0000000100000000)
  eden space 134144K, 0% used [0x00000000e0000000,0x00000000e0000000,0x00000000e8300000)
  from space 17408K, 99% used [0x00000000e8300000,0x00000000e93fc050,0x00000000e9400000)
  to   space 22528K, 0% used [0x00000000ec280000,0x00000000ec280000,0x00000000ed880000)
 ParOldGen       total 123904K, used 32839K [0x00000000a0000000, 0x00000000a7900000, 0x00000000e0000000)
  object space 123904K, 26% used [0x00000000a0000000,0x00000000a2011f90,0x00000000a7900000)
 Metaspace       used 61563K, capacity 63226K, committed 63892K, reserved 1103872K
  class space    used 8054K, capacity 8500K, committed 8636K, reserved 1048576K
}
Event: 4170.560 GC heap before
{Heap before GC invocations=19 (full 3):
 PSYoungGen      total 151552K, used 151536K [0x00000000e0000000, 0x00000000ed880000, 0x0000000100000000)
  eden space 134144K, 100% used [0x00000000e0000000,0x00000000e8300000,0x00000000e8300000)
  from space 17408K, 99% used [0x00000000e8300000,0x00000000e93fc050,0x00000000e9400000)
  to   space 22528K, 0% used [0x00000000ec280000,0x00000000ec280000,0x00000000ed880000)
 ParOldGen       total 123904K, used 32839K [0x00000000a0000000, 0x00000000a7900000, 0x00000000e0000000)
  object space 123904K, 26% used [0x00000000a0000000,0x00000000a2011f90,0x00000000a7900000)
 Metaspace       used 64072K, capacity 65766K, committed 66452K, reserved 1107968K
  class space    used 8273K, capacity 8732K, committed 8892K, reserved 1048576K
Event: 4170.598 GC heap after
Heap after GC invocations=19 (full 3):
 PSYoungGen      total 185344K, used 22513K [0x00000000e0000000, 0x00000000ef700000, 0x0000000100000000)
  eden space 162816K, 0% used [0x00000000e0000000,0x00000000e0000000,0x00000000e9f00000)
  from space 22528K, 99% used [0x00000000ec280000,0x00000000ed87c778,0x00000000ed880000)
  to   space 36352K, 0% used [0x00000000e9f00000,0x00000000e9f00000,0x00000000ec280000)
 ParOldGen       total 123904K, used 61658K [0x00000000a0000000, 0x00000000a7900000, 0x00000000e0000000)
  object space 123904K, 49% used [0x00000000a0000000,0x00000000a3c36868,0x00000000a7900000)
 Metaspace       used 64072K, capacity 65766K, committed 66452K, reserved 1107968K
  class space    used 8273K, capacity 8732K, committed 8892K, reserved 1048576K
}
Event: 4173.355 GC heap before
{Heap before GC invocations=20 (full 3):
 PSYoungGen      total 185344K, used 185329K [0x00000000e0000000, 0x00000000ef700000, 0x0000000100000000)
  eden space 162816K, 100% used [0x00000000e0000000,0x00000000e9f00000,0x00000000e9f00000)
  from space 22528K, 99% used [0x00000000ec280000,0x00000000ed87c778,0x00000000ed880000)
  to   space 36352K, 0% used [0x00000000e9f00000,0x00000000e9f00000,0x00000000ec280000)
 ParOldGen       total 123904K, used 61658K [0x00000000a0000000, 0x00000000a7900000, 0x00000000e0000000)
  object space 123904K, 49% used [0x00000000a0000000,0x00000000a3c36868,0x00000000a7900000)
 Metaspace       used 65945K, capacity 67880K, committed 68372K, reserved 1107968K
  class space    used 8444K, capacity 8971K, committed 9020K, reserved 1048576K
Event: 4173.402 GC heap after
Heap after GC invocations=20 (full 3):
 PSYoungGen      total 199168K, used 22978K [0x00000000e0000000, 0x00000000f0d00000, 0x0000000100000000)
  eden space 162816K, 0% used [0x00000000e0000000,0x00000000e0000000,0x00000000e9f00000)
  from space 36352K, 63% used [0x00000000e9f00000,0x00000000eb570870,0x00000000ec280000)
  to   space 37376K, 0% used [0x00000000ee880000,0x00000000ee880000,0x00000000f0d00000)
 ParOldGen       total 123904K, used 81638K [0x00000000a0000000, 0x00000000a7900000, 0x00000000e0000000)
  object space 123904K, 65% used [0x00000000a0000000,0x00000000a4fb9980,0x00000000a7900000)
 Metaspace       used 65945K, capacity 67880K, committed 68372K, reserved 1107968K
  class space    used 8444K, capacity 8971K, committed 9020K, reserved 1048576K
}

