# JRE version: OpenJDK Runtime Environment (8.0_202-b03) (build 1.8.0_202-release-1483-b03)
# Java VM: OpenJDK 64-Bit Server VM (25.202-b03 mixed mode windows-amd64 compressed oops)
Heap:
 PSYoungGen      total 297984K, used 191021K [0x00000000e0000000, 0x00000000f9700000, 0x0000000100000000)
  eden space 211968K, 69% used [0x00000000e0000000,0x00000000e8f2a0f8,0x00000000ecf00000)
  from space 86016K, 51% used [0x00000000ecf00000,0x00000000efa616b0,0x00000000f2300000)
  to   space 85504K, 0% used [0x00000000f4380000,0x00000000f4380000,0x00000000f9700000)
 ParOldGen       total 444416K, used 224126K [0x00000000a0000000, 0x00000000bb200000, 0x00000000e0000000)
  object space 444416K, 50% used [0x00000000a0000000,0x00000000adadf948,0x00000000bb200000)
 Metaspace       used 88276K, capacity 91870K, committed 92308K, reserved 1130496K
  class space    used 11372K, capacity 12117K, committed 12220K, reserved 1048576K
GC Heap History (10 events):
Event: 1394.006 GC heap before
{Heap before GC invocations=24 (full 4):
 PSYoungGen      total 193024K, used 187392K [0x00000000e0000000, 0x00000000f1600000, 0x0000000100000000)
  eden space 187392K, 100% used [0x00000000e0000000,0x00000000eb700000,0x00000000eb700000)
  from space 5632K, 0% used [0x00000000ebd00000,0x00000000ebd00000,0x00000000ec280000)
  to   space 48640K, 0% used [0x00000000ee680000,0x00000000ee680000,0x00000000f1600000)
 ParOldGen       total 248832K, used 82272K [0x00000000a0000000, 0x00000000af300000, 0x00000000e0000000)
  object space 248832K, 33% used [0x00000000a0000000,0x00000000a50583f0,0x00000000af300000)
 Metaspace       used 85503K, capacity 89120K, committed 89236K, reserved 1126400K
  class space    used 11104K, capacity 11854K, committed 11964K, reserved 1048576K
Event: 1394.050 GC heap after
Heap after GC invocations=24 (full 4):
 PSYoungGen      total 220160K, used 48609K [0x00000000e0000000, 0x00000000f4b00000, 0x0000000100000000)
  eden space 171520K, 0% used [0x00000000e0000000,0x00000000e0000000,0x00000000ea780000)
  from space 48640K, 99% used [0x00000000ee680000,0x00000000f15f85e8,0x00000000f1600000)
  to   space 64512K, 0% used [0x00000000ea780000,0x00000000ea780000,0x00000000ee680000)
 ParOldGen       total 248832K, used 101688K [0x00000000a0000000, 0x00000000af300000, 0x00000000e0000000)
  object space 248832K, 40% used [0x00000000a0000000,0x00000000a634e108,0x00000000af300000)
 Metaspace       used 85503K, capacity 89120K, committed 89236K, reserved 1126400K
  class space    used 11104K, capacity 11854K, committed 11964K, reserved 1048576K
}
Event: 1395.281 GC heap before
{Heap before GC invocations=25 (full 4):
 PSYoungGen      total 220160K, used 219655K [0x00000000e0000000, 0x00000000f4b00000, 0x0000000100000000)
  eden space 171520K, 99% used [0x00000000e0000000,0x00000000ea7099a0,0x00000000ea780000)
  from space 48640K, 99% used [0x00000000ee680000,0x00000000f15f85e8,0x00000000f1600000)
  to   space 64512K, 0% used [0x00000000ea780000,0x00000000ea780000,0x00000000ee680000)
 ParOldGen       total 248832K, used 101688K [0x00000000a0000000, 0x00000000af300000, 0x00000000e0000000)
  object space 248832K, 40% used [0x00000000a0000000,0x00000000a634e108,0x00000000af300000)
 Metaspace       used 85930K, capacity 89554K, committed 89748K, reserved 1126400K
  class space    used 11111K, capacity 11857K, committed 11964K, reserved 1048576K
Event: 1395.361 GC heap after
Heap after GC invocations=25 (full 4):
 PSYoungGen      total 236032K, used 64487K [0x00000000e0000000, 0x00000000f7a00000, 0x0000000100000000)
  eden space 171520K, 0% used [0x00000000e0000000,0x00000000e0000000,0x00000000ea780000)
  from space 64512K, 99% used [0x00000000ea780000,0x00000000ee679ca8,0x00000000ee680000)
  to   space 89088K, 0% used [0x00000000f2300000,0x00000000f2300000,0x00000000f7a00000)
 ParOldGen       total 248832K, used 137755K [0x00000000a0000000, 0x00000000af300000, 0x00000000e0000000)
  object space 248832K, 55% used [0x00000000a0000000,0x00000000a8686eb8,0x00000000af300000)
 Metaspace       used 85930K, capacity 89554K, committed 89748K, reserved 1126400K
  class space    used 11111K, capacity 11857K, committed 11964K, reserved 1048576K
}
Event: 1396.621 GC heap before
{Heap before GC invocations=26 (full 4):
 PSYoungGen      total 236032K, used 236007K [0x00000000e0000000, 0x00000000f7a00000, 0x0000000100000000)
  eden space 171520K, 100% used [0x00000000e0000000,0x00000000ea780000,0x00000000ea780000)
  from space 64512K, 99% used [0x00000000ea780000,0x00000000ee679ca8,0x00000000ee680000)
  to   space 89088K, 0% used [0x00000000f2300000,0x00000000f2300000,0x00000000f7a00000)
 ParOldGen       total 248832K, used 137755K [0x00000000a0000000, 0x00000000af300000, 0x00000000e0000000)
  object space 248832K, 55% used [0x00000000a0000000,0x00000000a8686eb8,0x00000000af300000)
 Metaspace       used 86125K, capacity 89772K, committed 90004K, reserved 1128448K
  class space    used 11112K, capacity 11858K, committed 11964K, reserved 1048576K
Event: 1396.700 GC heap after
Heap after GC invocations=26 (full 4):
 PSYoungGen      total 301056K, used 38465K [0x00000000e0000000, 0x00000000f7a00000, 0x0000000100000000)
  eden space 211968K, 0% used [0x00000000e0000000,0x00000000e0000000,0x00000000ecf00000)
  from space 89088K, 43% used [0x00000000f2300000,0x00000000f4890728,0x00000000f7a00000)
  to   space 86016K, 0% used [0x00000000ecf00000,0x00000000ecf00000,0x00000000f2300000)
 ParOldGen       total 248832K, used 200101K [0x00000000a0000000, 0x00000000af300000, 0x00000000e0000000)
  object space 248832K, 80% used [0x00000000a0000000,0x00000000ac369768,0x00000000af300000)
 Metaspace       used 86125K, capacity 89772K, committed 90004K, reserved 1128448K
  class space    used 11112K, capacity 11858K, committed 11964K, reserved 1048576K
}
Event: 1396.700 GC heap before
{Heap before GC invocations=27 (full 5):
 PSYoungGen      total 301056K, used 38465K [0x00000000e0000000, 0x00000000f7a00000, 0x0000000100000000)
  eden space 211968K, 0% used [0x00000000e0000000,0x00000000e0000000,0x00000000ecf00000)
  from space 89088K, 43% used [0x00000000f2300000,0x00000000f4890728,0x00000000f7a00000)
  to   space 86016K, 0% used [0x00000000ecf00000,0x00000000ecf00000,0x00000000f2300000)
 ParOldGen       total 248832K, used 200101K [0x00000000a0000000, 0x00000000af300000, 0x00000000e0000000)
  object space 248832K, 80% used [0x00000000a0000000,0x00000000ac369768,0x00000000af300000)
 Metaspace       used 86125K, capacity 89772K, committed 90004K, reserved 1128448K
  class space    used 11112K, capacity 11858K, committed 11964K, reserved 1048576K
Event: 1397.575 GC heap after
Heap after GC invocations=27 (full 5):
 PSYoungGen      total 301056K, used 0K [0x00000000e0000000, 0x00000000f7a00000, 0x0000000100000000)
  eden space 211968K, 0% used [0x00000000e0000000,0x00000000e0000000,0x00000000ecf00000)
  from space 89088K, 0% used [0x00000000f2300000,0x00000000f2300000,0x00000000f7a00000)
  to   space 86016K, 0% used [0x00000000ecf00000,0x00000000ecf00000,0x00000000f2300000)
 ParOldGen       total 444416K, used 224118K [0x00000000a0000000, 0x00000000bb200000, 0x00000000e0000000)
  object space 444416K, 50% used [0x00000000a0000000,0x00000000adadd948,0x00000000bb200000)
 Metaspace       used 85887K, capacity 89114K, committed 90004K, reserved 1128448K
  class space    used 11029K, capacity 11713K, committed 11964K, reserved 1048576K
}
Event: 1400.292 GC heap before
{Heap before GC invocations=28 (full 5):
 PSYoungGen      total 301056K, used 209847K [0x00000000e0000000, 0x00000000f7a00000, 0x0000000100000000)
  eden space 211968K, 98% used [0x00000000e0000000,0x00000000eccedee0,0x00000000ecf00000)
  from space 89088K, 0% used [0x00000000f2300000,0x00000000f2300000,0x00000000f7a00000)
  to   space 86016K, 0% used [0x00000000ecf00000,0x00000000ecf00000,0x00000000f2300000)
 ParOldGen       total 444416K, used 224118K [0x00000000a0000000, 0x00000000bb200000, 0x00000000e0000000)
  object space 444416K, 50% used [0x00000000a0000000,0x00000000adadd948,0x00000000bb200000)
 Metaspace       used 87415K, capacity 90810K, committed 91412K, reserved 1128448K
  class space    used 11226K, capacity 11933K, committed 12092K, reserved 1048576K
Event: 1400.318 GC heap after
Heap after GC invocations=28 (full 5):
 PSYoungGen      total 297984K, used 44421K [0x00000000e0000000, 0x00000000f9700000, 0x0000000100000000)
  eden space 211968K, 0% used [0x00000000e0000000,0x00000000e0000000,0x00000000ecf00000)
  from space 86016K, 51% used [0x00000000ecf00000,0x00000000efa616b0,0x00000000f2300000)
  to   space 85504K, 0% used [0x00000000f4380000,0x00000000f4380000,0x00000000f9700000)
 ParOldGen       total 444416K, used 224126K [0x00000000a0000000, 0x00000000bb200000, 0x00000000e0000000)
  object space 444416K, 50% used [0x00000000a0000000,0x00000000adadf948,0x00000000bb200000)
 Metaspace       used 87415K, capacity 90810K, committed 91412K, reserved 1128448K
  class space    used 11226K, capacity 11933K, committed 12092K, reserved 1048576K
}

