# JRE version: OpenJDK Runtime Environment (8.0_202-b03) (build 1.8.0_202-release-1483-b03)
# Java VM: OpenJDK 64-Bit Server VM (25.202-b03 mixed mode windows-amd64 compressed oops)
Heap:
 PSYoungGen      total 279040K, used 131105K [0x00000000e0000000, 0x00000000fa080000, 0x0000000100000000)
  eden space 241664K, 44% used [0x00000000e0000000,0x00000000e694f6d8,0x00000000eec00000)
  from space 37376K, 62% used [0x00000000eec00000,0x00000000f02b8fd8,0x00000000f1080000)
  to   space 37888K, 0% used [0x00000000f7b80000,0x00000000f7b80000,0x00000000fa080000)
 ParOldGen       total 166912K, used 55078K [0x00000000a0000000, 0x00000000aa300000, 0x00000000e0000000)
  object space 166912K, 32% used [0x00000000a0000000,0x00000000a35c99e8,0x00000000aa300000)
 Metaspace       used 69138K, capacity 72100K, committed 72320K, reserved 1112064K
  class space    used 9178K, capacity 9787K, committed 9856K, reserved 1048576K
GC Heap History (10 events):
Event: 19.003 GC heap before
{Heap before GC invocations=12 (full 2):
 PSYoungGen      total 186368K, used 121704K [0x00000000e0000000, 0x00000000ef900000, 0x0000000100000000)
  eden space 171520K, 62% used [0x00000000e0000000,0x00000000e685a890,0x00000000ea780000)
  from space 14848K, 99% used [0x00000000ea780000,0x00000000eb5ff990,0x00000000eb600000)
  to   space 19968K, 0% used [0x00000000ee580000,0x00000000ee580000,0x00000000ef900000)
 ParOldGen       total 94720K, used 28601K [0x00000000a0000000, 0x00000000a5c80000, 0x00000000e0000000)
  object space 94720K, 30% used [0x00000000a0000000,0x00000000a1bee748,0x00000000a5c80000)
 Metaspace       used 57190K, capacity 58926K, committed 59008K, reserved 1099776K
  class space    used 7835K, capacity 8304K, committed 8320K, reserved 1048576K
Event: 19.037 GC heap after
Heap after GC invocations=12 (full 2):
 PSYoungGen      total 224256K, used 19949K [0x00000000e0000000, 0x00000000f0e00000, 0x0000000100000000)
  eden space 204288K, 0% used [0x00000000e0000000,0x00000000e0000000,0x00000000ec780000)
  from space 19968K, 99% used [0x00000000ee580000,0x00000000ef8fb590,0x00000000ef900000)
  to   space 30720K, 0% used [0x00000000ec780000,0x00000000ec780000,0x00000000ee580000)
 ParOldGen       total 94720K, used 49962K [0x00000000a0000000, 0x00000000a5c80000, 0x00000000e0000000)
  object space 94720K, 52% used [0x00000000a0000000,0x00000000a30ca870,0x00000000a5c80000)
 Metaspace       used 57190K, capacity 58926K, committed 59008K, reserved 1099776K
  class space    used 7835K, capacity 8304K, committed 8320K, reserved 1048576K
}
Event: 19.037 GC heap before
{Heap before GC invocations=13 (full 3):
 PSYoungGen      total 224256K, used 19949K [0x00000000e0000000, 0x00000000f0e00000, 0x0000000100000000)
  eden space 204288K, 0% used [0x00000000e0000000,0x00000000e0000000,0x00000000ec780000)
  from space 19968K, 99% used [0x00000000ee580000,0x00000000ef8fb590,0x00000000ef900000)
  to   space 30720K, 0% used [0x00000000ec780000,0x00000000ec780000,0x00000000ee580000)
 ParOldGen       total 94720K, used 49962K [0x00000000a0000000, 0x00000000a5c80000, 0x00000000e0000000)
  object space 94720K, 52% used [0x00000000a0000000,0x00000000a30ca870,0x00000000a5c80000)
 Metaspace       used 57190K, capacity 58926K, committed 59008K, reserved 1099776K
  class space    used 7835K, capacity 8304K, committed 8320K, reserved 1048576K
Event: 19.292 GC heap after
Heap after GC invocations=13 (full 3):
 PSYoungGen      total 224256K, used 0K [0x00000000e0000000, 0x00000000f0e00000, 0x0000000100000000)
  eden space 204288K, 0% used [0x00000000e0000000,0x00000000e0000000,0x00000000ec780000)
  from space 19968K, 0% used [0x00000000ee580000,0x00000000ee580000,0x00000000ef900000)
  to   space 30720K, 0% used [0x00000000ec780000,0x00000000ec780000,0x00000000ee580000)
 ParOldGen       total 166912K, used 55054K [0x00000000a0000000, 0x00000000aa300000, 0x00000000e0000000)
  object space 166912K, 32% used [0x00000000a0000000,0x00000000a35c39e8,0x00000000aa300000)
 Metaspace       used 57188K, capacity 58920K, committed 59008K, reserved 1099776K
  class space    used 7835K, capacity 8303K, committed 8320K, reserved 1048576K
}
Event: 22.976 GC heap before
{Heap before GC invocations=14 (full 3):
 PSYoungGen      total 224256K, used 204288K [0x00000000e0000000, 0x00000000f0e00000, 0x0000000100000000)
  eden space 204288K, 100% used [0x00000000e0000000,0x00000000ec780000,0x00000000ec780000)
  from space 19968K, 0% used [0x00000000ee580000,0x00000000ee580000,0x00000000ef900000)
  to   space 30720K, 0% used [0x00000000ec780000,0x00000000ec780000,0x00000000ee580000)
 ParOldGen       total 166912K, used 55054K [0x00000000a0000000, 0x00000000aa300000, 0x00000000e0000000)
  object space 166912K, 32% used [0x00000000a0000000,0x00000000a35c39e8,0x00000000aa300000)
 Metaspace       used 60446K, capacity 62710K, committed 62976K, reserved 1103872K
  class space    used 8197K, capacity 8692K, committed 8704K, reserved 1048576K
Event: 23.005 GC heap after
Heap after GC invocations=14 (full 3):
 PSYoungGen      total 235008K, used 26115K [0x00000000e0000000, 0x00000000f3180000, 0x0000000100000000)
  eden space 204288K, 0% used [0x00000000e0000000,0x00000000e0000000,0x00000000ec780000)
  from space 30720K, 85% used [0x00000000ec780000,0x00000000ee100cc8,0x00000000ee580000)
  to   space 33792K, 0% used [0x00000000f1080000,0x00000000f1080000,0x00000000f3180000)
 ParOldGen       total 166912K, used 55062K [0x00000000a0000000, 0x00000000aa300000, 0x00000000e0000000)
  object space 166912K, 32% used [0x00000000a0000000,0x00000000a35c59e8,0x00000000aa300000)
 Metaspace       used 60446K, capacity 62710K, committed 62976K, reserved 1103872K
  class space    used 8197K, capacity 8692K, committed 8704K, reserved 1048576K
}
Event: 24.902 GC heap before
{Heap before GC invocations=15 (full 3):
 PSYoungGen      total 235008K, used 229637K [0x00000000e0000000, 0x00000000f3180000, 0x0000000100000000)
  eden space 204288K, 99% used [0x00000000e0000000,0x00000000ec6c0a88,0x00000000ec780000)
  from space 30720K, 85% used [0x00000000ec780000,0x00000000ee100cc8,0x00000000ee580000)
  to   space 33792K, 0% used [0x00000000f1080000,0x00000000f1080000,0x00000000f3180000)
 ParOldGen       total 166912K, used 55062K [0x00000000a0000000, 0x00000000aa300000, 0x00000000e0000000)
  object space 166912K, 32% used [0x00000000a0000000,0x00000000a35c59e8,0x00000000aa300000)
 Metaspace       used 61924K, capacity 64358K, committed 64512K, reserved 1105920K
  class space    used 8393K, capacity 8942K, committed 8960K, reserved 1048576K
Event: 24.928 GC heap after
Heap after GC invocations=15 (full 3):
 PSYoungGen      total 275456K, used 29218K [0x00000000e0000000, 0x00000000f3b00000, 0x0000000100000000)
  eden space 241664K, 0% used [0x00000000e0000000,0x00000000e0000000,0x00000000eec00000)
  from space 33792K, 86% used [0x00000000f1080000,0x00000000f2d08910,0x00000000f3180000)
  to   space 37376K, 0% used [0x00000000eec00000,0x00000000eec00000,0x00000000f1080000)
 ParOldGen       total 166912K, used 55070K [0x00000000a0000000, 0x00000000aa300000, 0x00000000e0000000)
  object space 166912K, 32% used [0x00000000a0000000,0x00000000a35c79e8,0x00000000aa300000)
 Metaspace       used 61924K, capacity 64358K, committed 64512K, reserved 1105920K
  class space    used 8393K, capacity 8942K, committed 8960K, reserved 1048576K
}
Event: 24.997 GC heap before
{Heap before GC invocations=16 (full 3):
 PSYoungGen      total 275456K, used 270882K [0x00000000e0000000, 0x00000000f3b00000, 0x0000000100000000)
  eden space 241664K, 100% used [0x00000000e0000000,0x00000000eec00000,0x00000000eec00000)
  from space 33792K, 86% used [0x00000000f1080000,0x00000000f2d08910,0x00000000f3180000)
  to   space 37376K, 0% used [0x00000000eec00000,0x00000000eec00000,0x00000000f1080000)
 ParOldGen       total 166912K, used 55070K [0x00000000a0000000, 0x00000000aa300000, 0x00000000e0000000)
  object space 166912K, 32% used [0x00000000a0000000,0x00000000a35c79e8,0x00000000aa300000)
 Metaspace       used 61939K, capacity 64426K, committed 64512K, reserved 1105920K
  class space    used 8393K, capacity 8942K, committed 8960K, reserved 1048576K
Event: 25.017 GC heap after
Heap after GC invocations=16 (full 3):
 PSYoungGen      total 279040K, used 23267K [0x00000000e0000000, 0x00000000fa080000, 0x0000000100000000)
  eden space 241664K, 0% used [0x00000000e0000000,0x00000000e0000000,0x00000000eec00000)
  from space 37376K, 62% used [0x00000000eec00000,0x00000000f02b8fd8,0x00000000f1080000)
  to   space 37888K, 0% used [0x00000000f7b80000,0x00000000f7b80000,0x00000000fa080000)
 ParOldGen       total 166912K, used 55078K [0x00000000a0000000, 0x00000000aa300000, 0x00000000e0000000)
  object space 166912K, 32% used [0x00000000a0000000,0x00000000a35c99e8,0x00000000aa300000)
 Metaspace       used 61939K, capacity 64426K, committed 64512K, reserved 1105920K
  class space    used 8393K, capacity 8942K, committed 8960K, reserved 1048576K
}

