# JRE version: OpenJDK Runtime Environment (8.0_202-b03) (build 1.8.0_202-release-1483-b03)
# Java VM: OpenJDK 64-Bit Server VM (25.202-b03 mixed mode windows-amd64 compressed oops)
Heap:
 PSYoungGen      total 210944K, used 35371K [0x00000000e0000000, 0x00000000eec80000, 0x0000000100000000)
  eden space 193024K, 16% used [0x00000000e0000000,0x00000000e1fc0158,0x00000000ebc80000)
  from space 17920K, 16% used [0x00000000edb00000,0x00000000eddf4c08,0x00000000eec80000)
  to   space 24576K, 0% used [0x00000000ebc80000,0x00000000ebc80000,0x00000000ed480000)
 ParOldGen       total 134656K, used 51258K [0x00000000a0000000, 0x00000000a8380000, 0x00000000e0000000)
  object space 134656K, 38% used [0x00000000a0000000,0x00000000a320e9c0,0x00000000a8380000)
 Metaspace       used 77161K, capacity 80890K, committed 81152K, reserved 1120256K
  class space    used 9995K, capacity 10707K, committed 10752K, reserved 1048576K
GC Heap History (10 events):
Event: 13.144 GC heap before
{Heap before GC invocations=15 (full 3):
 PSYoungGen      total 200192K, used 2676K [0x00000000e0000000, 0x00000000ee200000, 0x0000000100000000)
  eden space 181248K, 0% used [0x00000000e0000000,0x00000000e0000000,0x00000000eb100000)
  from space 18944K, 14% used [0x00000000ec400000,0x00000000ec69d338,0x00000000ed680000)
  to   space 19456K, 0% used [0x00000000eb100000,0x00000000eb100000,0x00000000ec400000)
 ParOldGen       total 88064K, used 35898K [0x00000000a0000000, 0x00000000a5600000, 0x00000000e0000000)
  object space 88064K, 40% used [0x00000000a0000000,0x00000000a230ea40,0x00000000a5600000)
 Metaspace       used 57040K, capacity 59082K, committed 59160K, reserved 1099776K
  class space    used 7808K, capacity 8262K, committed 8320K, reserved 1048576K
Event: 13.481 GC heap after
Heap after GC invocations=15 (full 3):
 PSYoungGen      total 200192K, used 0K [0x00000000e0000000, 0x00000000ee200000, 0x0000000100000000)
  eden space 181248K, 0% used [0x00000000e0000000,0x00000000e0000000,0x00000000eb100000)
  from space 18944K, 0% used [0x00000000ec400000,0x00000000ec400000,0x00000000ed680000)
  to   space 19456K, 0% used [0x00000000eb100000,0x00000000eb100000,0x00000000ec400000)
 ParOldGen       total 134656K, used 31357K [0x00000000a0000000, 0x00000000a8380000, 0x00000000e0000000)
  object space 134656K, 23% used [0x00000000a0000000,0x00000000a1e9f528,0x00000000a8380000)
 Metaspace       used 57010K, capacity 58980K, committed 59160K, reserved 1099776K
  class space    used 7799K, capacity 8245K, committed 8320K, reserved 1048576K
}
Event: 17.040 GC heap before
{Heap before GC invocations=16 (full 3):
 PSYoungGen      total 200192K, used 181248K [0x00000000e0000000, 0x00000000ee200000, 0x0000000100000000)
  eden space 181248K, 100% used [0x00000000e0000000,0x00000000eb100000,0x00000000eb100000)
  from space 18944K, 0% used [0x00000000ec400000,0x00000000ec400000,0x00000000ed680000)
  to   space 19456K, 0% used [0x00000000eb100000,0x00000000eb100000,0x00000000ec400000)
 ParOldGen       total 134656K, used 31357K [0x00000000a0000000, 0x00000000a8380000, 0x00000000e0000000)
  object space 134656K, 23% used [0x00000000a0000000,0x00000000a1e9f528,0x00000000a8380000)
 Metaspace       used 64479K, capacity 67358K, committed 67584K, reserved 1107968K
  class space    used 8837K, capacity 9438K, committed 9472K, reserved 1048576K
Event: 17.065 GC heap after
Heap after GC invocations=16 (full 3):
 PSYoungGen      total 200704K, used 14042K [0x00000000e0000000, 0x00000000ef680000, 0x0000000100000000)
  eden space 181248K, 0% used [0x00000000e0000000,0x00000000e0000000,0x00000000eb100000)
  from space 19456K, 72% used [0x00000000eb100000,0x00000000ebeb6ac0,0x00000000ec400000)
  to   space 19968K, 0% used [0x00000000ee300000,0x00000000ee300000,0x00000000ef680000)
 ParOldGen       total 134656K, used 31365K [0x00000000a0000000, 0x00000000a8380000, 0x00000000e0000000)
  object space 134656K, 23% used [0x00000000a0000000,0x00000000a1ea1528,0x00000000a8380000)
 Metaspace       used 64479K, capacity 67358K, committed 67584K, reserved 1107968K
  class space    used 8837K, capacity 9438K, committed 9472K, reserved 1048576K
}
Event: 109.055 GC heap before
{Heap before GC invocations=17 (full 3):
 PSYoungGen      total 200704K, used 195290K [0x00000000e0000000, 0x00000000ef680000, 0x0000000100000000)
  eden space 181248K, 100% used [0x00000000e0000000,0x00000000eb100000,0x00000000eb100000)
  from space 19456K, 72% used [0x00000000eb100000,0x00000000ebeb6ac0,0x00000000ec400000)
  to   space 19968K, 0% used [0x00000000ee300000,0x00000000ee300000,0x00000000ef680000)
 ParOldGen       total 134656K, used 31365K [0x00000000a0000000, 0x00000000a8380000, 0x00000000e0000000)
  object space 134656K, 23% used [0x00000000a0000000,0x00000000a1ea1528,0x00000000a8380000)
 Metaspace       used 74522K, capacity 77952K, committed 78080K, reserved 1116160K
  class space    used 9805K, capacity 10462K, committed 10496K, reserved 1048576K
Event: 109.080 GC heap after
Heap after GC invocations=17 (full 3):
 PSYoungGen      total 226304K, used 19944K [0x00000000e0000000, 0x00000000efa80000, 0x0000000100000000)
  eden space 206336K, 0% used [0x00000000e0000000,0x00000000e0000000,0x00000000ec980000)
  from space 19968K, 99% used [0x00000000ee300000,0x00000000ef67a260,0x00000000ef680000)
  to   space 25088K, 0% used [0x00000000ec980000,0x00000000ec980000,0x00000000ee200000)
 ParOldGen       total 134656K, used 36477K [0x00000000a0000000, 0x00000000a8380000, 0x00000000e0000000)
  object space 134656K, 27% used [0x00000000a0000000,0x00000000a239f5b8,0x00000000a8380000)
 Metaspace       used 74522K, capacity 77952K, committed 78080K, reserved 1116160K
  class space    used 9805K, capacity 10462K, committed 10496K, reserved 1048576K
}
Event: 1223.260 GC heap before
{Heap before GC invocations=18 (full 3):
 PSYoungGen      total 226304K, used 226280K [0x00000000e0000000, 0x00000000efa80000, 0x0000000100000000)
  eden space 206336K, 100% used [0x00000000e0000000,0x00000000ec980000,0x00000000ec980000)
  from space 19968K, 99% used [0x00000000ee300000,0x00000000ef67a260,0x00000000ef680000)
  to   space 25088K, 0% used [0x00000000ec980000,0x00000000ec980000,0x00000000ee200000)
 ParOldGen       total 134656K, used 36477K [0x00000000a0000000, 0x00000000a8380000, 0x00000000e0000000)
  object space 134656K, 27% used [0x00000000a0000000,0x00000000a239f5b8,0x00000000a8380000)
 Metaspace       used 76308K, capacity 79904K, committed 80000K, reserved 1118208K
  class space    used 9931K, capacity 10610K, committed 10624K, reserved 1048576K
Event: 1223.514 GC heap after
Heap after GC invocations=18 (full 3):
 PSYoungGen      total 205824K, used 5746K [0x00000000e0000000, 0x00000000ef300000, 0x0000000100000000)
  eden space 199680K, 0% used [0x00000000e0000000,0x00000000e0000000,0x00000000ec300000)
  from space 6144K, 93% used [0x00000000ec980000,0x00000000ecf1c828,0x00000000ecf80000)
  to   space 24576K, 0% used [0x00000000edb00000,0x00000000edb00000,0x00000000ef300000)
 ParOldGen       total 134656K, used 51250K [0x00000000a0000000, 0x00000000a8380000, 0x00000000e0000000)
  object space 134656K, 38% used [0x00000000a0000000,0x00000000a320c9c0,0x00000000a8380000)
 Metaspace       used 76308K, capacity 79904K, committed 80000K, reserved 1118208K
  class space    used 9931K, capacity 10610K, committed 10624K, reserved 1048576K
}
Event: 8017.018 GC heap before
{Heap before GC invocations=19 (full 3):
 PSYoungGen      total 205824K, used 205426K [0x00000000e0000000, 0x00000000ef300000, 0x0000000100000000)
  eden space 199680K, 100% used [0x00000000e0000000,0x00000000ec300000,0x00000000ec300000)
  from space 6144K, 93% used [0x00000000ec980000,0x00000000ecf1c828,0x00000000ecf80000)
  to   space 24576K, 0% used [0x00000000edb00000,0x00000000edb00000,0x00000000ef300000)
 ParOldGen       total 134656K, used 51250K [0x00000000a0000000, 0x00000000a8380000, 0x00000000e0000000)
  object space 134656K, 38% used [0x00000000a0000000,0x00000000a320c9c0,0x00000000a8380000)
 Metaspace       used 77007K, capacity 80732K, committed 80896K, reserved 1120256K
  class space    used 9981K, capacity 10702K, committed 10752K, reserved 1048576K
Event: 8017.163 GC heap after
Heap after GC invocations=19 (full 3):
 PSYoungGen      total 210944K, used 3027K [0x00000000e0000000, 0x00000000eec80000, 0x0000000100000000)
  eden space 193024K, 0% used [0x00000000e0000000,0x00000000e0000000,0x00000000ebc80000)
  from space 17920K, 16% used [0x00000000edb00000,0x00000000eddf4c08,0x00000000eec80000)
  to   space 24576K, 0% used [0x00000000ebc80000,0x00000000ebc80000,0x00000000ed480000)
 ParOldGen       total 134656K, used 51258K [0x00000000a0000000, 0x00000000a8380000, 0x00000000e0000000)
  object space 134656K, 38% used [0x00000000a0000000,0x00000000a320e9c0,0x00000000a8380000)
 Metaspace       used 77007K, capacity 80732K, committed 80896K, reserved 1120256K
  class space    used 9981K, capacity 10702K, committed 10752K, reserved 1048576K
}

