# JRE version: OpenJDK Runtime Environment (8.0_202-b03) (build 1.8.0_202-release-1483-b03)
# Java VM: OpenJDK 64-Bit Server VM (25.202-b03 mixed mode windows-amd64 compressed oops)
Heap:
 PSYoungGen      total 196608K, used 191127K [0x00000000e0000000, 0x00000000ed480000, 0x0000000100000000)
  eden space 178176K, 99% used [0x00000000e0000000,0x00000000eacd5bb0,0x00000000eae00000)
  from space 18432K, 76% used [0x00000000ec100000,0x00000000eced0168,0x00000000ed300000)
  to   space 19456K, 0% used [0x00000000eae00000,0x00000000eae00000,0x00000000ec100000)
 ParOldGen       total 134656K, used 41539K [0x00000000a0000000, 0x00000000a8380000, 0x00000000e0000000)
  object space 134656K, 30% used [0x00000000a0000000,0x00000000a2890c08,0x00000000a8380000)
 Metaspace       used 69490K, capacity 72066K, committed 72088K, reserved 1112064K
  class space    used 9374K, capacity 9874K, committed 9896K, reserved 1048576K
GC Heap History (10 events):
Event: 14.407 GC heap before
{Heap before GC invocations=19 (full 3):
 PSYoungGen      total 143872K, used 135004K [0x00000000e0000000, 0x00000000eab00000, 0x0000000100000000)
  eden space 129024K, 100% used [0x00000000e0000000,0x00000000e7e00000,0x00000000e7e00000)
  from space 14848K, 40% used [0x00000000e7e00000,0x00000000e83d73e0,0x00000000e8c80000)
  to   space 14336K, 0% used [0x00000000e9d00000,0x00000000e9d00000,0x00000000eab00000)
 ParOldGen       total 134656K, used 32847K [0x00000000a0000000, 0x00000000a8380000, 0x00000000e0000000)
  object space 134656K, 24% used [0x00000000a0000000,0x00000000a2013c08,0x00000000a8380000)
 Metaspace       used 60520K, capacity 62768K, committed 63000K, reserved 1103872K
  class space    used 8242K, capacity 8711K, committed 8744K, reserved 1048576K
Event: 14.458 GC heap after
Heap after GC invocations=19 (full 3):
 PSYoungGen      total 160768K, used 8384K [0x00000000e0000000, 0x00000000eaf80000, 0x0000000100000000)
  eden space 146432K, 0% used [0x00000000e0000000,0x00000000e0000000,0x00000000e8f00000)
  from space 14336K, 58% used [0x00000000e9d00000,0x00000000ea530000,0x00000000eab00000)
  to   space 14336K, 0% used [0x00000000e8f00000,0x00000000e8f00000,0x00000000e9d00000)
 ParOldGen       total 134656K, used 32855K [0x00000000a0000000, 0x00000000a8380000, 0x00000000e0000000)
  object space 134656K, 24% used [0x00000000a0000000,0x00000000a2015c08,0x00000000a8380000)
 Metaspace       used 60520K, capacity 62768K, committed 63000K, reserved 1103872K
  class space    used 8242K, capacity 8711K, committed 8744K, reserved 1048576K
}
Event: 15.103 GC heap before
{Heap before GC invocations=20 (full 3):
 PSYoungGen      total 160768K, used 154816K [0x00000000e0000000, 0x00000000eaf80000, 0x0000000100000000)
  eden space 146432K, 100% used [0x00000000e0000000,0x00000000e8f00000,0x00000000e8f00000)
  from space 14336K, 58% used [0x00000000e9d00000,0x00000000ea530000,0x00000000eab00000)
  to   space 14336K, 0% used [0x00000000e8f00000,0x00000000e8f00000,0x00000000e9d00000)
 ParOldGen       total 134656K, used 32855K [0x00000000a0000000, 0x00000000a8380000, 0x00000000e0000000)
  object space 134656K, 24% used [0x00000000a0000000,0x00000000a2015c08,0x00000000a8380000)
 Metaspace       used 60549K, capacity 62768K, committed 63000K, reserved 1103872K
  class space    used 8244K, capacity 8711K, committed 8744K, reserved 1048576K
Event: 15.113 GC heap after
Heap after GC invocations=20 (full 3):
 PSYoungGen      total 160768K, used 7648K [0x00000000e0000000, 0x00000000eb980000, 0x0000000100000000)
  eden space 146432K, 0% used [0x00000000e0000000,0x00000000e0000000,0x00000000e8f00000)
  from space 14336K, 53% used [0x00000000e8f00000,0x00000000e9678000,0x00000000e9d00000)
  to   space 13824K, 0% used [0x00000000eac00000,0x00000000eac00000,0x00000000eb980000)
 ParOldGen       total 134656K, used 32863K [0x00000000a0000000, 0x00000000a8380000, 0x00000000e0000000)
  object space 134656K, 24% used [0x00000000a0000000,0x00000000a2017c08,0x00000000a8380000)
 Metaspace       used 60549K, capacity 62768K, committed 63000K, reserved 1103872K
  class space    used 8244K, capacity 8711K, committed 8744K, reserved 1048576K
}
Event: 16.231 GC heap before
{Heap before GC invocations=21 (full 3):
 PSYoungGen      total 160768K, used 154080K [0x00000000e0000000, 0x00000000eb980000, 0x0000000100000000)
  eden space 146432K, 100% used [0x00000000e0000000,0x00000000e8f00000,0x00000000e8f00000)
  from space 14336K, 53% used [0x00000000e8f00000,0x00000000e9678000,0x00000000e9d00000)
  to   space 13824K, 0% used [0x00000000eac00000,0x00000000eac00000,0x00000000eb980000)
 ParOldGen       total 134656K, used 32863K [0x00000000a0000000, 0x00000000a8380000, 0x00000000e0000000)
  object space 134656K, 24% used [0x00000000a0000000,0x00000000a2017c08,0x00000000a8380000)
 Metaspace       used 61483K, capacity 63702K, committed 63896K, reserved 1103872K
  class space    used 8354K, capacity 8808K, committed 8872K, reserved 1048576K
Event: 16.257 GC heap after
Heap after GC invocations=21 (full 3):
 PSYoungGen      total 175104K, used 13015K [0x00000000e0000000, 0x00000000ebc80000, 0x0000000100000000)
  eden space 161280K, 0% used [0x00000000e0000000,0x00000000e0000000,0x00000000e9d80000)
  from space 13824K, 94% used [0x00000000eac00000,0x00000000eb8b5f08,0x00000000eb980000)
  to   space 14848K, 0% used [0x00000000e9d80000,0x00000000e9d80000,0x00000000eac00000)
 ParOldGen       total 134656K, used 32871K [0x00000000a0000000, 0x00000000a8380000, 0x00000000e0000000)
  object space 134656K, 24% used [0x00000000a0000000,0x00000000a2019c08,0x00000000a8380000)
 Metaspace       used 61483K, capacity 63702K, committed 63896K, reserved 1103872K
  class space    used 8354K, capacity 8808K, committed 8872K, reserved 1048576K
}
Event: 18.370 GC heap before
{Heap before GC invocations=22 (full 3):
 PSYoungGen      total 175104K, used 174295K [0x00000000e0000000, 0x00000000ebc80000, 0x0000000100000000)
  eden space 161280K, 100% used [0x00000000e0000000,0x00000000e9d80000,0x00000000e9d80000)
  from space 13824K, 94% used [0x00000000eac00000,0x00000000eb8b5f08,0x00000000eb980000)
  to   space 14848K, 0% used [0x00000000e9d80000,0x00000000e9d80000,0x00000000eac00000)
 ParOldGen       total 134656K, used 32871K [0x00000000a0000000, 0x00000000a8380000, 0x00000000e0000000)
  object space 134656K, 24% used [0x00000000a0000000,0x00000000a2019c08,0x00000000a8380000)
 Metaspace       used 61523K, capacity 63836K, committed 64152K, reserved 1103872K
  class space    used 8355K, capacity 8809K, committed 8872K, reserved 1048576K
Event: 18.402 GC heap after
Heap after GC invocations=22 (full 3):
 PSYoungGen      total 176128K, used 14816K [0x00000000e0000000, 0x00000000ed300000, 0x0000000100000000)
  eden space 161280K, 0% used [0x00000000e0000000,0x00000000e0000000,0x00000000e9d80000)
  from space 14848K, 99% used [0x00000000e9d80000,0x00000000eabf8020,0x00000000eac00000)
  to   space 18432K, 0% used [0x00000000ec100000,0x00000000ec100000,0x00000000ed300000)
 ParOldGen       total 134656K, used 37311K [0x00000000a0000000, 0x00000000a8380000, 0x00000000e0000000)
  object space 134656K, 27% used [0x00000000a0000000,0x00000000a246fc68,0x00000000a8380000)
 Metaspace       used 61523K, capacity 63836K, committed 64152K, reserved 1103872K
  class space    used 8355K, capacity 8809K, committed 8872K, reserved 1048576K
}
Event: 20.124 GC heap before
{Heap before GC invocations=23 (full 3):
 PSYoungGen      total 176128K, used 176096K [0x00000000e0000000, 0x00000000ed300000, 0x0000000100000000)
  eden space 161280K, 100% used [0x00000000e0000000,0x00000000e9d80000,0x00000000e9d80000)
  from space 14848K, 99% used [0x00000000e9d80000,0x00000000eabf8020,0x00000000eac00000)
  to   space 18432K, 0% used [0x00000000ec100000,0x00000000ec100000,0x00000000ed300000)
 ParOldGen       total 134656K, used 37311K [0x00000000a0000000, 0x00000000a8380000, 0x00000000e0000000)
  object space 134656K, 27% used [0x00000000a0000000,0x00000000a246fc68,0x00000000a8380000)
 Metaspace       used 61525K, capacity 63836K, committed 64152K, reserved 1103872K
  class space    used 8355K, capacity 8809K, committed 8872K, reserved 1048576K
Event: 20.150 GC heap after
Heap after GC invocations=23 (full 3):
 PSYoungGen      total 196608K, used 14144K [0x00000000e0000000, 0x00000000ed480000, 0x0000000100000000)
  eden space 178176K, 0% used [0x00000000e0000000,0x00000000e0000000,0x00000000eae00000)
  from space 18432K, 76% used [0x00000000ec100000,0x00000000eced0168,0x00000000ed300000)
  to   space 19456K, 0% used [0x00000000eae00000,0x00000000eae00000,0x00000000ec100000)
 ParOldGen       total 134656K, used 41539K [0x00000000a0000000, 0x00000000a8380000, 0x00000000e0000000)
  object space 134656K, 30% used [0x00000000a0000000,0x00000000a2890c08,0x00000000a8380000)
 Metaspace       used 61525K, capacity 63836K, committed 64152K, reserved 1103872K
  class space    used 8355K, capacity 8809K, committed 8872K, reserved 1048576K
}

